<?xml version="1.0" encoding="UTF-8"?>
<!-- Generated by org.testng.reporters.JUnitReportReporter -->
<testsuite skipped="0" hostname="Hp-PC" name="Basics2" tests="1" failures="0" timestamp="01 May 2018 08:18:31 GMT" time="1.957" errors="0">
  <testcase name="PostData" time="1.957" classname="Basics2"/>
</testsuite> <!-- Basics2 -->
