<?xml version="1.0" encoding="UTF-8"?>
<!-- Generated by org.testng.reporters.JUnitReportReporter -->
<testsuite skipped="0" hostname="Hp-PC" name="basics3" tests="1" failures="0" timestamp="01 May 2018 16:17:21 GMT" time="2.328" errors="0">
  <testcase name="AddandDeletePlace" time="2.328" classname="basics3"/>
</testsuite> <!-- basics3 -->
