<?xml version="1.0" encoding="UTF-8"?>
<!-- Generated by org.testng.reporters.JUnitReportReporter -->
<testsuite skipped="0" hostname="Hp-PC" name="Basics" tests="1" failures="0" timestamp="01 May 2018 07:07:16 GMT" time="2.517" errors="0">
  <testcase name="test1" time="2.517" classname="Basics"/>
</testsuite> <!-- Basics -->
